<?xml version="1.0" encoding="UTF-8"?>
<testsuite xmlns:xsi="http://www.w3.org/2001/XMLSchema-instance" xsi:noNamespaceSchemaLocation="https://maven.apache.org/surefire/maven-surefire-plugin/xsd/surefire-test-report.xsd" version="3.0.2" name="com.dinesh.ratelimiter.RatelimiterApplicationTests" time="2.92" tests="1" errors="0" skipped="0" failures="0" flakes="0">
  <properties>
[...]
</properties>
  <testcase name="contextLoads" classname="com.dinesh.ratelimiter.RatelimiterApplicationTests" time="0.446">
    <system-out><![CDATA[22:44:24.933 [main] INFO org.springframework.test.context.support.AnnotationConfigContextLoaderUtils -- Could not detect default configuration classes for test class [com.dinesh.ratelimiter.RatelimiterApplicationTests]: RatelimiterApplicationTests does not declare any static, non-private, non-final, nested classes annotated with @Configuration.
22:44:25.008 [main] INFO org.springframework.boot.test.context.SpringBootTestContextBootstrapper -- Found @SpringBootConfiguration com.dinesh.ratelimiter.RatelimiterApplication for test class com.dinesh.ratelimiter.RatelimiterApplicationTests
22:44:25.106 [main] INFO org.springframework.boot.devtools.restart.RestartApplicationListener -- Restart disabled due to context in which it is running

  .   ____          _            __ _ _
 /\\ / ___'_ __ _ _(_)_ __  __ _ \ \ \ \
( ( )\___ | '_ | '_| | '_ \/ _` | \ \ \ \
 \\/  ___)| |_)| | | | | || (_| |  ) ) ) )
  '  |____| .__|_| |_|_| |_\__, | / / / /
 =========|_|==============|___/=/_/_/_/

 :: Spring Boot ::               (v3.5.14)

2026-05-17T22:44:25.337+05:30  INFO 73420 --- [ratelimiter] [           main] c.d.r.RatelimiterApplicationTests        : Starting RatelimiterApplicationTests using Java 21.0.5 with PID 73420 (started by dinesh in /Users/dinesh/Desktop/Projects/distributed-rate-limiter-service)
2026-05-17T22:44:25.343+05:30  INFO 73420 --- [ratelimiter] [           main] c.d.r.RatelimiterApplicationTests        : No active profile set, falling back to 1 default profile: "default"
2026-05-17T22:44:26.086+05:30  INFO 73420 --- [ratelimiter] [           main] .s.d.r.c.RepositoryConfigurationDelegate : Multiple Spring Data modules found, entering strict repository configuration mode
2026-05-17T22:44:26.092+05:30  INFO 73420 --- [ratelimiter] [           main] .s.d.r.c.RepositoryConfigurationDelegate : Bootstrapping Spring Data Redis repositories in DEFAULT mode.
2026-05-17T22:44:26.135+05:30  INFO 73420 --- [ratelimiter] [           main] .s.d.r.c.RepositoryConfigurationDelegate : Finished Spring Data repository scanning in 9 ms. Found 0 Redis repository interfaces.
2026-05-17T22:44:27.191+05:30  INFO 73420 --- [ratelimiter] [           main] o.s.b.a.e.web.EndpointLinksResolver      : Exposing 2 endpoints beneath base path '/actuator'
2026-05-17T22:44:27.235+05:30  INFO 73420 --- [ratelimiter] [           main] c.d.r.RatelimiterApplicationTests        : Started RatelimiterApplicationTests in 2.136 seconds (process running for 2.722)
]]></system-out>
    <system-err><![CDATA[Mockito is currently self-attaching to enable the inline-mock-maker. This will no longer work in future releases of the JDK. Please add Mockito as an agent to your build as described in Mockito's documentation: https://javadoc.io/doc/org.mockito/mockito-core/latest/org.mockito/org/mockito/Mockito.html#0.3
WARNING: A Java agent has been loaded dynamically (/Users/dinesh/.m2/repository/net/bytebuddy/byte-buddy-agent/1.17.8/byte-buddy-agent-1.17.8.jar)
WARNING: If a serviceability tool is in use, please run with -XX:+EnableDynamicAgentLoading to hide this warning
WARNING: If a serviceability tool is not in use, please run with -Djdk.instrument.traceUsage for more information
WARNING: Dynamic loading of agents will be disallowed by default in a future release
]]></system-err>
  </testcase>
</testsuite>